[0.021s] Invoking command in '/home/laser/ros2_ws/src/utbots_navigation/build/utbots_nav': CMAKE_PREFIX_PATH=${CMAKE_PREFIX_PATH}:/home/laser/ros2_ws/install/yolov8_ros:/home/laser/ros2_ws/install/utbots_face_recognition:/home/laser/ros2_ws/install/mediapipe_track:/opt/ros/humble PS1=(ros_env) \[\e]0;\u@\h: \w\a\]${debian_chroot:+($debian_chroot)}\[\033[01;32m\]\u@\h\[\033[00m\]:\[\033[01;34m\]\w\[\033[00m\]\$ VIRTUAL_ENV_PROMPT=(ros_env) /usr/bin/cmake /home/laser/ros2_ws/src/utbots_navigation/utbots_nav -DCMAKE_INSTALL_PREFIX=/home/laser/ros2_ws/src/utbots_navigation/install/utbots_nav
[0.108s] -- The C compiler identification is GNU 11.4.0
[0.200s] -- The CXX compiler identification is GNU 11.4.0
[0.212s] -- Detecting C compiler ABI info
[0.315s] -- Detecting C compiler ABI info - done
[0.330s] -- Check for working C compiler: /usr/bin/cc - skipped
[0.330s] -- Detecting C compile features
[0.331s] -- Detecting C compile features - done
[0.337s] -- Detecting CXX compiler ABI info
[0.515s] -- Detecting CXX compiler ABI info - done
[0.529s] -- Check for working CXX compiler: /usr/bin/c++ - skipped
[0.530s] -- Detecting CXX compile features
[0.531s] -- Detecting CXX compile features - done
[0.536s] -- Found ament_cmake: 1.3.11 (/opt/ros/humble/share/ament_cmake/cmake)
[0.754s] -- Found Python3: /home/laser/ros_env/bin/python3 (found version "3.10.12") found components: Interpreter 
[1.080s] -- Configuring done
[1.083s] -- Generating done
[1.085s] -- Build files have been written to: /home/laser/ros2_ws/src/utbots_navigation/build/utbots_nav
[1.092s] Invoked command in '/home/laser/ros2_ws/src/utbots_navigation/build/utbots_nav' returned '0': CMAKE_PREFIX_PATH=${CMAKE_PREFIX_PATH}:/home/laser/ros2_ws/install/yolov8_ros:/home/laser/ros2_ws/install/utbots_face_recognition:/home/laser/ros2_ws/install/mediapipe_track:/opt/ros/humble PS1=(ros_env) \[\e]0;\u@\h: \w\a\]${debian_chroot:+($debian_chroot)}\[\033[01;32m\]\u@\h\[\033[00m\]:\[\033[01;34m\]\w\[\033[00m\]\$ VIRTUAL_ENV_PROMPT=(ros_env) /usr/bin/cmake /home/laser/ros2_ws/src/utbots_navigation/utbots_nav -DCMAKE_INSTALL_PREFIX=/home/laser/ros2_ws/src/utbots_navigation/install/utbots_nav
[1.095s] Invoking command in '/home/laser/ros2_ws/src/utbots_navigation/build/utbots_nav': CMAKE_PREFIX_PATH=${CMAKE_PREFIX_PATH}:/home/laser/ros2_ws/install/yolov8_ros:/home/laser/ros2_ws/install/utbots_face_recognition:/home/laser/ros2_ws/install/mediapipe_track:/opt/ros/humble PS1=(ros_env) \[\e]0;\u@\h: \w\a\]${debian_chroot:+($debian_chroot)}\[\033[01;32m\]\u@\h\[\033[00m\]:\[\033[01;34m\]\w\[\033[00m\]\$ VIRTUAL_ENV_PROMPT=(ros_env) /usr/bin/cmake --build /home/laser/ros2_ws/src/utbots_navigation/build/utbots_nav -- -j16 -l16
[1.154s] Invoked command in '/home/laser/ros2_ws/src/utbots_navigation/build/utbots_nav' returned '0': CMAKE_PREFIX_PATH=${CMAKE_PREFIX_PATH}:/home/laser/ros2_ws/install/yolov8_ros:/home/laser/ros2_ws/install/utbots_face_recognition:/home/laser/ros2_ws/install/mediapipe_track:/opt/ros/humble PS1=(ros_env) \[\e]0;\u@\h: \w\a\]${debian_chroot:+($debian_chroot)}\[\033[01;32m\]\u@\h\[\033[00m\]:\[\033[01;34m\]\w\[\033[00m\]\$ VIRTUAL_ENV_PROMPT=(ros_env) /usr/bin/cmake --build /home/laser/ros2_ws/src/utbots_navigation/build/utbots_nav -- -j16 -l16
[1.169s] Invoking command in '/home/laser/ros2_ws/src/utbots_navigation/build/utbots_nav': CMAKE_PREFIX_PATH=${CMAKE_PREFIX_PATH}:/home/laser/ros2_ws/install/yolov8_ros:/home/laser/ros2_ws/install/utbots_face_recognition:/home/laser/ros2_ws/install/mediapipe_track:/opt/ros/humble PS1=(ros_env) \[\e]0;\u@\h: \w\a\]${debian_chroot:+($debian_chroot)}\[\033[01;32m\]\u@\h\[\033[00m\]:\[\033[01;34m\]\w\[\033[00m\]\$ VIRTUAL_ENV_PROMPT=(ros_env) /usr/bin/cmake --install /home/laser/ros2_ws/src/utbots_navigation/build/utbots_nav
[1.181s] -- Install configuration: ""
[1.181s] -- Installing: /home/laser/ros2_ws/src/utbots_navigation/install/utbots_nav/share/utbots_nav/launch
[1.181s] -- Installing: /home/laser/ros2_ws/src/utbots_navigation/install/utbots_nav/share/utbots_nav/launch/hoverboard.launch.py
[1.181s] -- Installing: /home/laser/ros2_ws/src/utbots_navigation/install/utbots_nav/share/utbots_nav/launch/utbots_navigation.launch.py
[1.181s] -- Installing: /home/laser/ros2_ws/src/utbots_navigation/install/utbots_nav/share/utbots_nav/launch/map.launch.py
[1.181s] -- Installing: /home/laser/ros2_ws/src/utbots_navigation/install/utbots_nav/share/utbots_nav/launch/nav.launch.py
[1.181s] -- Installing: /home/laser/ros2_ws/src/utbots_navigation/install/utbots_nav/share/utbots_nav/launch/rplidar.launch.py
[1.181s] -- Installing: /home/laser/ros2_ws/src/utbots_navigation/install/utbots_nav/share/utbots_nav/launch/utbots_mapping.launch.py
[1.181s] -- Installing: /home/laser/ros2_ws/src/utbots_navigation/install/utbots_nav/share/utbots_nav/map
[1.182s] -- Installing: /home/laser/ros2_ws/src/utbots_navigation/install/utbots_nav/share/utbots_nav/map/pitaco_waypoints.yaml
[1.182s] -- Installing: /home/laser/ros2_ws/src/utbots_navigation/install/utbots_nav/share/utbots_nav/map/corredor2.pgm
[1.182s] -- Installing: /home/laser/ros2_ws/src/utbots_navigation/install/utbots_nav/share/utbots_nav/map/corredor1.pgm
[1.182s] -- Installing: /home/laser/ros2_ws/src/utbots_navigation/install/utbots_nav/share/utbots_nav/map/corredor3.yaml
[1.182s] -- Installing: /home/laser/ros2_ws/src/utbots_navigation/install/utbots_nav/share/utbots_nav/map/world_waypoints.yaml
[1.182s] -- Installing: /home/laser/ros2_ws/src/utbots_navigation/install/utbots_nav/share/utbots_nav/map/map.pgm
[1.182s] -- Installing: /home/laser/ros2_ws/src/utbots_navigation/install/utbots_nav/share/utbots_nav/map/pitaco.pgm
[1.182s] -- Installing: /home/laser/ros2_ws/src/utbots_navigation/install/utbots_nav/share/utbots_nav/map/corredor0.pgm
[1.182s] -- Installing: /home/laser/ros2_ws/src/utbots_navigation/install/utbots_nav/share/utbots_nav/map/corredor3.pgm
[1.182s] -- Installing: /home/laser/ros2_ws/src/utbots_navigation/install/utbots_nav/share/utbots_nav/map/corredor1.yaml
[1.182s] -- Installing: /home/laser/ros2_ws/src/utbots_navigation/install/utbots_nav/share/utbots_nav/map/map.yaml
[1.183s] -- Installing: /home/laser/ros2_ws/src/utbots_navigation/install/utbots_nav/share/utbots_nav/map/corredor2.yaml
[1.183s] -- Installing: /home/laser/ros2_ws/src/utbots_navigation/install/utbots_nav/share/utbots_nav/map/corredor0.yaml
[1.183s] -- Installing: /home/laser/ros2_ws/src/utbots_navigation/install/utbots_nav/share/utbots_nav/map/pitaco.yaml
[1.183s] -- Installing: /home/laser/ros2_ws/src/utbots_navigation/install/utbots_nav/share/utbots_nav/param
[1.183s] -- Installing: /home/laser/ros2_ws/src/utbots_navigation/install/utbots_nav/share/utbots_nav/param/box_filter.yaml
[1.183s] -- Installing: /home/laser/ros2_ws/src/utbots_navigation/install/utbots_nav/share/utbots_nav/param/hestia_nav.yaml
[1.183s] -- Installing: /home/laser/ros2_ws/src/utbots_navigation/install/utbots_nav/share/utbots_nav/param/twist_mux.yaml
[1.183s] -- Installing: /home/laser/ros2_ws/src/utbots_navigation/install/utbots_nav/share/utbots_nav/param/hestia_map_imu.yaml
[1.183s] -- Installing: /home/laser/ros2_ws/src/utbots_navigation/install/utbots_nav/share/utbots_nav/param/hestia_nav_imu.yaml
[1.183s] -- Installing: /home/laser/ros2_ws/src/utbots_navigation/install/utbots_nav/share/utbots_nav/param/hestia_map.yaml
[1.183s] -- Installing: /home/laser/ros2_ws/src/utbots_navigation/install/utbots_nav/share/utbots_nav/param/ekf_filter.yaml
[1.183s] -- Installing: /home/laser/ros2_ws/src/utbots_navigation/install/utbots_nav/share/ament_index/resource_index/package_run_dependencies/utbots_nav
[1.184s] -- Installing: /home/laser/ros2_ws/src/utbots_navigation/install/utbots_nav/share/ament_index/resource_index/parent_prefix_path/utbots_nav
[1.184s] -- Installing: /home/laser/ros2_ws/src/utbots_navigation/install/utbots_nav/share/utbots_nav/environment/ament_prefix_path.sh
[1.184s] -- Installing: /home/laser/ros2_ws/src/utbots_navigation/install/utbots_nav/share/utbots_nav/environment/ament_prefix_path.dsv
[1.184s] -- Installing: /home/laser/ros2_ws/src/utbots_navigation/install/utbots_nav/share/utbots_nav/environment/path.sh
[1.184s] -- Installing: /home/laser/ros2_ws/src/utbots_navigation/install/utbots_nav/share/utbots_nav/environment/path.dsv
[1.184s] -- Installing: /home/laser/ros2_ws/src/utbots_navigation/install/utbots_nav/share/utbots_nav/local_setup.bash
[1.184s] -- Installing: /home/laser/ros2_ws/src/utbots_navigation/install/utbots_nav/share/utbots_nav/local_setup.sh
[1.184s] -- Installing: /home/laser/ros2_ws/src/utbots_navigation/install/utbots_nav/share/utbots_nav/local_setup.zsh
[1.184s] -- Installing: /home/laser/ros2_ws/src/utbots_navigation/install/utbots_nav/share/utbots_nav/local_setup.dsv
[1.185s] -- Installing: /home/laser/ros2_ws/src/utbots_navigation/install/utbots_nav/share/utbots_nav/package.dsv
[1.185s] -- Installing: /home/laser/ros2_ws/src/utbots_navigation/install/utbots_nav/share/ament_index/resource_index/packages/utbots_nav
[1.185s] -- Installing: /home/laser/ros2_ws/src/utbots_navigation/install/utbots_nav/share/utbots_nav/cmake/utbots_navConfig.cmake
[1.185s] -- Installing: /home/laser/ros2_ws/src/utbots_navigation/install/utbots_nav/share/utbots_nav/cmake/utbots_navConfig-version.cmake
[1.185s] -- Installing: /home/laser/ros2_ws/src/utbots_navigation/install/utbots_nav/share/utbots_nav/package.xml
[1.187s] Invoked command in '/home/laser/ros2_ws/src/utbots_navigation/build/utbots_nav' returned '0': CMAKE_PREFIX_PATH=${CMAKE_PREFIX_PATH}:/home/laser/ros2_ws/install/yolov8_ros:/home/laser/ros2_ws/install/utbots_face_recognition:/home/laser/ros2_ws/install/mediapipe_track:/opt/ros/humble PS1=(ros_env) \[\e]0;\u@\h: \w\a\]${debian_chroot:+($debian_chroot)}\[\033[01;32m\]\u@\h\[\033[00m\]:\[\033[01;34m\]\w\[\033[00m\]\$ VIRTUAL_ENV_PROMPT=(ros_env) /usr/bin/cmake --install /home/laser/ros2_ws/src/utbots_navigation/build/utbots_nav
