running egg_info
creating ../build/utbots_nav_utils/utbots_nav_utils.egg-info
writing ../build/utbots_nav_utils/utbots_nav_utils.egg-info/PKG-INFO
writing dependency_links to ../build/utbots_nav_utils/utbots_nav_utils.egg-info/dependency_links.txt
writing entry points to ../build/utbots_nav_utils/utbots_nav_utils.egg-info/entry_points.txt
writing requirements to ../build/utbots_nav_utils/utbots_nav_utils.egg-info/requires.txt
writing top-level names to ../build/utbots_nav_utils/utbots_nav_utils.egg-info/top_level.txt
writing manifest file '../build/utbots_nav_utils/utbots_nav_utils.egg-info/SOURCES.txt'
reading manifest file '../build/utbots_nav_utils/utbots_nav_utils.egg-info/SOURCES.txt'
adding license file 'LICENSE'
writing manifest file '../build/utbots_nav_utils/utbots_nav_utils.egg-info/SOURCES.txt'
running build
running build_py
creating /home/laser/ros2_ws/src/utbots_navigation/build/utbots_nav_utils/build
creating /home/laser/ros2_ws/src/utbots_navigation/build/utbots_nav_utils/build/lib
creating /home/laser/ros2_ws/src/utbots_navigation/build/utbots_nav_utils/build/lib/utbots_nav_utils
copying utbots_nav_utils/nav_to_wp.py -> /home/laser/ros2_ws/src/utbots_navigation/build/utbots_nav_utils/build/lib/utbots_nav_utils
copying utbots_nav_utils/save_waypoint_service.py -> /home/laser/ros2_ws/src/utbots_navigation/build/utbots_nav_utils/build/lib/utbots_nav_utils
copying utbots_nav_utils/__init__.py -> /home/laser/ros2_ws/src/utbots_navigation/build/utbots_nav_utils/build/lib/utbots_nav_utils
running install
running install_lib
creating /home/laser/ros2_ws/src/utbots_navigation/install/utbots_nav_utils/lib/python3.10/site-packages/utbots_nav_utils
copying /home/laser/ros2_ws/src/utbots_navigation/build/utbots_nav_utils/build/lib/utbots_nav_utils/nav_to_wp.py -> /home/laser/ros2_ws/src/utbots_navigation/install/utbots_nav_utils/lib/python3.10/site-packages/utbots_nav_utils
copying /home/laser/ros2_ws/src/utbots_navigation/build/utbots_nav_utils/build/lib/utbots_nav_utils/save_waypoint_service.py -> /home/laser/ros2_ws/src/utbots_navigation/install/utbots_nav_utils/lib/python3.10/site-packages/utbots_nav_utils
copying /home/laser/ros2_ws/src/utbots_navigation/build/utbots_nav_utils/build/lib/utbots_nav_utils/__init__.py -> /home/laser/ros2_ws/src/utbots_navigation/install/utbots_nav_utils/lib/python3.10/site-packages/utbots_nav_utils
byte-compiling /home/laser/ros2_ws/src/utbots_navigation/install/utbots_nav_utils/lib/python3.10/site-packages/utbots_nav_utils/nav_to_wp.py to nav_to_wp.cpython-310.pyc
byte-compiling /home/laser/ros2_ws/src/utbots_navigation/install/utbots_nav_utils/lib/python3.10/site-packages/utbots_nav_utils/save_waypoint_service.py to save_waypoint_service.cpython-310.pyc
byte-compiling /home/laser/ros2_ws/src/utbots_navigation/install/utbots_nav_utils/lib/python3.10/site-packages/utbots_nav_utils/__init__.py to __init__.cpython-310.pyc
running install_data
creating /home/laser/ros2_ws/src/utbots_navigation/install/utbots_nav_utils/share/ament_index
creating /home/laser/ros2_ws/src/utbots_navigation/install/utbots_nav_utils/share/ament_index/resource_index
creating /home/laser/ros2_ws/src/utbots_navigation/install/utbots_nav_utils/share/ament_index/resource_index/packages
copying resource/utbots_nav_utils -> /home/laser/ros2_ws/src/utbots_navigation/install/utbots_nav_utils/share/ament_index/resource_index/packages
copying package.xml -> /home/laser/ros2_ws/src/utbots_navigation/install/utbots_nav_utils/share/utbots_nav_utils
creating /home/laser/ros2_ws/src/utbots_navigation/install/utbots_nav_utils/share/utbots_nav_utils/launch
copying launch/wp_world.launch.py -> /home/laser/ros2_ws/src/utbots_navigation/install/utbots_nav_utils/share/utbots_nav_utils/launch
copying launch/wp_hestia.launch.py -> /home/laser/ros2_ws/src/utbots_navigation/install/utbots_nav_utils/share/utbots_nav_utils/launch
running install_egg_info
Copying ../build/utbots_nav_utils/utbots_nav_utils.egg-info to /home/laser/ros2_ws/src/utbots_navigation/install/utbots_nav_utils/lib/python3.10/site-packages/utbots_nav_utils-0.0.0-py3.10.egg-info
running install_scripts
Installing nav_to_wp script to /home/laser/ros2_ws/src/utbots_navigation/install/utbots_nav_utils/lib/utbots_nav_utils
Installing save_waypoint_service script to /home/laser/ros2_ws/src/utbots_navigation/install/utbots_nav_utils/lib/utbots_nav_utils
writing list of installed files to '/home/laser/ros2_ws/src/utbots_navigation/build/utbots_nav_utils/install.log'
