[1.005s] Invoking command in '/home/laser/ros2_ws/src/utbots_navigation/utbots_nav_utils': PS1=(ros_env) \[\e]0;\u@\h: \w\a\]${debian_chroot:+($debian_chroot)}\[\033[01;32m\]\u@\h\[\033[00m\]:\[\033[01;34m\]\w\[\033[00m\]\$ PYTHONPATH=/home/laser/ros2_ws/src/utbots_navigation/build/utbots_nav_utils/prefix_override:/usr/lib/python3/dist-packages/colcon_core/task/python/colcon_distutils_commands:/home/laser/ros2_ws/src/utbots_navigation/install/utbots_nav_utils/lib/python3.10/site-packages:${PYTHONPATH} VIRTUAL_ENV_PROMPT=(ros_env) /usr/bin/python3 -W ignore:setup.py install is deprecated -W ignore:easy_install command is deprecated setup.py egg_info --egg-base ../build/utbots_nav_utils build --build-base /home/laser/ros2_ws/src/utbots_navigation/build/utbots_nav_utils/build install --record /home/laser/ros2_ws/src/utbots_navigation/build/utbots_nav_utils/install.log --single-version-externally-managed install_data
[1.352s] running egg_info
[1.353s] creating ../build/utbots_nav_utils/utbots_nav_utils.egg-info
[1.353s] writing ../build/utbots_nav_utils/utbots_nav_utils.egg-info/PKG-INFO
[1.354s] writing dependency_links to ../build/utbots_nav_utils/utbots_nav_utils.egg-info/dependency_links.txt
[1.354s] writing entry points to ../build/utbots_nav_utils/utbots_nav_utils.egg-info/entry_points.txt
[1.354s] writing requirements to ../build/utbots_nav_utils/utbots_nav_utils.egg-info/requires.txt
[1.354s] writing top-level names to ../build/utbots_nav_utils/utbots_nav_utils.egg-info/top_level.txt
[1.354s] writing manifest file '../build/utbots_nav_utils/utbots_nav_utils.egg-info/SOURCES.txt'
[1.356s] reading manifest file '../build/utbots_nav_utils/utbots_nav_utils.egg-info/SOURCES.txt'
[1.356s] adding license file 'LICENSE'
[1.357s] writing manifest file '../build/utbots_nav_utils/utbots_nav_utils.egg-info/SOURCES.txt'
[1.357s] running build
[1.357s] running build_py
[1.359s] creating /home/laser/ros2_ws/src/utbots_navigation/build/utbots_nav_utils/build
[1.359s] creating /home/laser/ros2_ws/src/utbots_navigation/build/utbots_nav_utils/build/lib
[1.359s] creating /home/laser/ros2_ws/src/utbots_navigation/build/utbots_nav_utils/build/lib/utbots_nav_utils
[1.359s] copying utbots_nav_utils/nav_to_wp.py -> /home/laser/ros2_ws/src/utbots_navigation/build/utbots_nav_utils/build/lib/utbots_nav_utils
[1.360s] copying utbots_nav_utils/save_waypoint_service.py -> /home/laser/ros2_ws/src/utbots_navigation/build/utbots_nav_utils/build/lib/utbots_nav_utils
[1.360s] copying utbots_nav_utils/__init__.py -> /home/laser/ros2_ws/src/utbots_navigation/build/utbots_nav_utils/build/lib/utbots_nav_utils
[1.360s] running install
[1.360s] running install_lib
[1.361s] creating /home/laser/ros2_ws/src/utbots_navigation/install/utbots_nav_utils/lib/python3.10/site-packages/utbots_nav_utils
[1.361s] copying /home/laser/ros2_ws/src/utbots_navigation/build/utbots_nav_utils/build/lib/utbots_nav_utils/nav_to_wp.py -> /home/laser/ros2_ws/src/utbots_navigation/install/utbots_nav_utils/lib/python3.10/site-packages/utbots_nav_utils
[1.361s] copying /home/laser/ros2_ws/src/utbots_navigation/build/utbots_nav_utils/build/lib/utbots_nav_utils/save_waypoint_service.py -> /home/laser/ros2_ws/src/utbots_navigation/install/utbots_nav_utils/lib/python3.10/site-packages/utbots_nav_utils
[1.361s] copying /home/laser/ros2_ws/src/utbots_navigation/build/utbots_nav_utils/build/lib/utbots_nav_utils/__init__.py -> /home/laser/ros2_ws/src/utbots_navigation/install/utbots_nav_utils/lib/python3.10/site-packages/utbots_nav_utils
[1.362s] byte-compiling /home/laser/ros2_ws/src/utbots_navigation/install/utbots_nav_utils/lib/python3.10/site-packages/utbots_nav_utils/nav_to_wp.py to nav_to_wp.cpython-310.pyc
[1.364s] byte-compiling /home/laser/ros2_ws/src/utbots_navigation/install/utbots_nav_utils/lib/python3.10/site-packages/utbots_nav_utils/save_waypoint_service.py to save_waypoint_service.cpython-310.pyc
[1.365s] byte-compiling /home/laser/ros2_ws/src/utbots_navigation/install/utbots_nav_utils/lib/python3.10/site-packages/utbots_nav_utils/__init__.py to __init__.cpython-310.pyc
[1.365s] running install_data
[1.365s] creating /home/laser/ros2_ws/src/utbots_navigation/install/utbots_nav_utils/share/ament_index
[1.365s] creating /home/laser/ros2_ws/src/utbots_navigation/install/utbots_nav_utils/share/ament_index/resource_index
[1.365s] creating /home/laser/ros2_ws/src/utbots_navigation/install/utbots_nav_utils/share/ament_index/resource_index/packages
[1.366s] copying resource/utbots_nav_utils -> /home/laser/ros2_ws/src/utbots_navigation/install/utbots_nav_utils/share/ament_index/resource_index/packages
[1.366s] copying package.xml -> /home/laser/ros2_ws/src/utbots_navigation/install/utbots_nav_utils/share/utbots_nav_utils
[1.366s] creating /home/laser/ros2_ws/src/utbots_navigation/install/utbots_nav_utils/share/utbots_nav_utils/launch
[1.366s] copying launch/wp_world.launch.py -> /home/laser/ros2_ws/src/utbots_navigation/install/utbots_nav_utils/share/utbots_nav_utils/launch
[1.366s] copying launch/wp_hestia.launch.py -> /home/laser/ros2_ws/src/utbots_navigation/install/utbots_nav_utils/share/utbots_nav_utils/launch
[1.366s] running install_egg_info
[1.369s] Copying ../build/utbots_nav_utils/utbots_nav_utils.egg-info to /home/laser/ros2_ws/src/utbots_navigation/install/utbots_nav_utils/lib/python3.10/site-packages/utbots_nav_utils-0.0.0-py3.10.egg-info
[1.369s] running install_scripts
[1.400s] Installing nav_to_wp script to /home/laser/ros2_ws/src/utbots_navigation/install/utbots_nav_utils/lib/utbots_nav_utils
[1.400s] Installing save_waypoint_service script to /home/laser/ros2_ws/src/utbots_navigation/install/utbots_nav_utils/lib/utbots_nav_utils
[1.401s] writing list of installed files to '/home/laser/ros2_ws/src/utbots_navigation/build/utbots_nav_utils/install.log'
[1.447s] Invoked command in '/home/laser/ros2_ws/src/utbots_navigation/utbots_nav_utils' returned '0': PS1=(ros_env) \[\e]0;\u@\h: \w\a\]${debian_chroot:+($debian_chroot)}\[\033[01;32m\]\u@\h\[\033[00m\]:\[\033[01;34m\]\w\[\033[00m\]\$ PYTHONPATH=/home/laser/ros2_ws/src/utbots_navigation/build/utbots_nav_utils/prefix_override:/usr/lib/python3/dist-packages/colcon_core/task/python/colcon_distutils_commands:/home/laser/ros2_ws/src/utbots_navigation/install/utbots_nav_utils/lib/python3.10/site-packages:${PYTHONPATH} VIRTUAL_ENV_PROMPT=(ros_env) /usr/bin/python3 -W ignore:setup.py install is deprecated -W ignore:easy_install command is deprecated setup.py egg_info --egg-base ../build/utbots_nav_utils build --build-base /home/laser/ros2_ws/src/utbots_navigation/build/utbots_nav_utils/build install --record /home/laser/ros2_ws/src/utbots_navigation/build/utbots_nav_utils/install.log --single-version-externally-managed install_data
